c:\users\admin\desktop\c++ project\project2\project2\x64\debug\vc142.pdb
c:\users\admin\desktop\c++ project\project2\project2\x64\debug\vc142.idb
c:\users\admin\desktop\c++ project\project2\project2\x64\debug\project2.obj
c:\users\admin\desktop\c++ project\project2(oop)\project2\x64\debug\vc142.pdb
c:\users\admin\desktop\c++ project\project2(oop)\project2\x64\debug\vc142.idb
c:\users\admin\desktop\c++ project\project2(oop)\project2\x64\debug\grid.obj
c:\users\admin\desktop\c++ project\project2(oop)\project2\x64\debug\project2.obj
c:\users\admin\desktop\c++ project\project2(oop)\project2\x64\debug\grid_fon.obj
c:\users\admin\desktop\c++ project\project2(oop)\project2\x64\debug\grid_palitra.obj
c:\users\admin\desktop\c++ project\project2(oop)\project2\x64\debug\button.obj
c:\users\admin\desktop\c++ project\project2\x64\debug\project2.exe
c:\users\admin\desktop\c++ project\project2\project2\x64\debug\project2.ilk
c:\users\admin\desktop\c++ project\project2\x64\debug\project2.pdb
c:\users\admin\desktop\c++ project\project2(oop)\x64\debug\project2.exe
c:\users\admin\desktop\c++ project\project2(oop)\project2\x64\debug\project2.ilk
c:\users\admin\desktop\c++ project\project2(oop)\x64\debug\project2.pdb
c:\users\admin\desktop\c++ project\project2(oop)\project2\x64\debug\project2.res
c:\users\admin\desktop\c++ project\project2(oop)\project2\x64\debug\setstruct.obj
c:\users\admin\desktop\c++ project\project2(oop)\project2\x64\debug\project2.obj.enc
c:\users\admin\desktop\c++ project\project2(oop)\project2\x64\debug\project2.tlog\cl.command.1.tlog
c:\users\admin\desktop\c++ project\project2(oop)\project2\x64\debug\project2.tlog\cl.read.1.tlog
c:\users\admin\desktop\c++ project\project2(oop)\project2\x64\debug\project2.tlog\cl.write.1.tlog
c:\users\admin\desktop\c++ project\project2(oop)\project2\x64\debug\project2.tlog\link.command.1.tlog
c:\users\admin\desktop\c++ project\project2(oop)\project2\x64\debug\project2.tlog\link.read.1.tlog
c:\users\admin\desktop\c++ project\project2(oop)\project2\x64\debug\project2.tlog\link.write.1.tlog
c:\users\admin\desktop\c++ project\project2(oop)\project2\x64\debug\project2.tlog\rc.command.1.tlog
c:\users\admin\desktop\c++ project\project2(oop)\project2\x64\debug\project2.tlog\rc.read.1.tlog
c:\users\admin\desktop\c++ project\project2(oop)\project2\x64\debug\project2.tlog\rc.write.1.tlog
